18:19:53 INFO  manager.AppManager - Tests starting on Chrome
18:19:55 INFO  TestBase - Method loginPositiveUserDTO is started
18:19:55 INFO  manager.WebDriverListener - Start searching element ----> By.xpath: //*[.=' Logout ']
18:20:05 INFO  manager.WebDriverListener - Element with locator ----> By.xpath: //*[.=' Logout '] is found
18:20:05 INFO  manager.TestNGListener - Test loginPositiveUserDTO invoked
18:20:05 INFO  manager.WebDriverListener - Start searching element ----> By.xpath: //*[.=' Log in ']
18:20:05 INFO  manager.WebDriverListener - Element with locator ----> By.xpath: //*[.=' Log in '] is found
18:20:05 INFO  manager.WebDriverListener - Start searching element ----> By.xpath: //input[@id='email']
18:20:05 INFO  manager.WebDriverListener - Element with locator ----> By.xpath: //input[@id='email'] is found
18:20:05 INFO  manager.WebDriverListener - Start searching element ----> By.xpath: //input[@id='password']
18:20:05 INFO  manager.WebDriverListener - Element with locator ----> By.xpath: //input[@id='password'] is found
18:20:05 INFO  manager.WebDriverListener - Start searching element ----> By.xpath: //button[@type='submit']
18:20:05 INFO  manager.WebDriverListener - Element with locator ----> By.xpath: //button[@type='submit'] is found
18:20:05 INFO  manager.WebDriverListener - Start searching element ----> By.xpath: //h2[contains(text(),'success')]
18:20:07 INFO  manager.WebDriverListener - Element with locator ----> By.xpath: //h2[contains(text(),'success')] is found
18:20:07 INFO  manager.TestNGListener - Test loginPositiveUserDTO successful
18:20:07 INFO  manager.WebDriverListener - Start searching element ----> By.xpath: //button[@type='button']
18:20:07 INFO  manager.WebDriverListener - Element with locator ----> By.xpath: //button[@type='button'] is found
18:20:07 INFO  TestBase - ==================================
18:20:07 INFO  TestBase - Method loginPositiveUserDTO is started
18:20:07 INFO  manager.WebDriverListener - Start searching element ----> By.xpath: //*[.=' Logout ']
18:20:07 INFO  manager.WebDriverListener - Element with locator ----> By.xpath: //*[.=' Logout '] is found
18:20:07 INFO  manager.WebDriverListener - Start searching element ----> By.xpath: //*[.=' Logout ']
18:20:07 INFO  manager.WebDriverListener - Element with locator ----> By.xpath: //*[.=' Logout '] is found
18:20:07 INFO  manager.TestNGListener - Test loginPositiveUserDTO invoked
18:20:07 INFO  manager.WebDriverListener - Start searching element ----> By.xpath: //*[.=' Log in ']
18:20:07 INFO  manager.WebDriverListener - Element with locator ----> By.xpath: //*[.=' Log in '] is found
18:20:07 INFO  manager.WebDriverListener - Start searching element ----> By.xpath: //input[@id='email']
18:20:07 INFO  manager.WebDriverListener - Element with locator ----> By.xpath: //input[@id='email'] is found
18:20:07 INFO  manager.WebDriverListener - Something went wrong!
18:20:07 INFO  manager.WebDriverListener - stale element reference: stale element not found
  (Session info: chrome=114.0.5735.199)
For documentation on this error, please visit: https://www.seleniumhq.org/exceptions/stale_element_reference.html
Build info: version: '3.141.59', revision: 'e82be7d358', time: '2018-11-14T08:17:03'
System info: host: 'ELENA', ip: '192.168.68.108', os.name: 'Windows 11', os.arch: 'amd64', os.version: '10.0', java.version: '18.0.1.1'
Driver info: org.openqa.selenium.chrome.ChromeDriver
Capabilities {acceptInsecureCerts: false, browserName: chrome, browserVersion: 114.0.5735.199, chrome: {chromedriverVersion: 113.0.5672.63 (0e1a4471d5ae..., userDataDir: C:\Users\6145~1\AppData\Loc...}, goog:chromeOptions: {debuggerAddress: localhost:49820}, javascriptEnabled: true, networkConnectionEnabled: false, pageLoadStrategy: normal, platform: WINDOWS, platformName: WINDOWS, proxy: Proxy(), setWindowRect: true, strictFileInteractability: false, timeouts: {implicit: 0, pageLoad: 300000, script: 30000}, unhandledPromptBehavior: dismiss and notify, webauthn:extension:credBlob: true, webauthn:extension:largeBlob: true, webauthn:extension:minPinLength: true, webauthn:extension:prf: true, webauthn:virtualAuthenticators: true}
Session ID: d852c66d80d65246fd8617f77e166854
18:20:07 INFO  manager.WebDriverListener - org.openqa.selenium.StaleElementReferenceException: stale element reference: stale element not found
  (Session info: chrome=114.0.5735.199)
For documentation on this error, please visit: https://www.seleniumhq.org/exceptions/stale_element_reference.html
Build info: version: '3.141.59', revision: 'e82be7d358', time: '2018-11-14T08:17:03'
System info: host: 'ELENA', ip: '192.168.68.108', os.name: 'Windows 11', os.arch: 'amd64', os.version: '10.0', java.version: '18.0.1.1'
Driver info: org.openqa.selenium.chrome.ChromeDriver
Capabilities {acceptInsecureCerts: false, browserName: chrome, browserVersion: 114.0.5735.199, chrome: {chromedriverVersion: 113.0.5672.63 (0e1a4471d5ae..., userDataDir: C:\Users\6145~1\AppData\Loc...}, goog:chromeOptions: {debuggerAddress: localhost:49820}, javascriptEnabled: true, networkConnectionEnabled: false, pageLoadStrategy: normal, platform: WINDOWS, platformName: WINDOWS, proxy: Proxy(), setWindowRect: true, strictFileInteractability: false, timeouts: {implicit: 0, pageLoad: 300000, script: 30000}, unhandledPromptBehavior: dismiss and notify, webauthn:extension:credBlob: true, webauthn:extension:largeBlob: true, webauthn:extension:minPinLength: true, webauthn:extension:prf: true, webauthn:virtualAuthenticators: true}
Session ID: d852c66d80d65246fd8617f77e166854
18:20:07 INFO  manager.WebDriverListener - This is a link to screenshot with error ---> src/test/screenshots/screen-1207.png
18:20:07 INFO  manager.TestNGListener - Test loginPositiveUserDTO failed: org.openqa.selenium.StaleElementReferenceException: stale element reference: stale element not found
  (Session info: chrome=114.0.5735.199)
For documentation on this error, please visit: https://www.seleniumhq.org/exceptions/stale_element_reference.html
Build info: version: '3.141.59', revision: 'e82be7d358', time: '2018-11-14T08:17:03'
System info: host: 'ELENA', ip: '192.168.68.108', os.name: 'Windows 11', os.arch: 'amd64', os.version: '10.0', java.version: '18.0.1.1'
Driver info: org.openqa.selenium.chrome.ChromeDriver
Capabilities {acceptInsecureCerts: false, browserName: chrome, browserVersion: 114.0.5735.199, chrome: {chromedriverVersion: 113.0.5672.63 (0e1a4471d5ae..., userDataDir: C:\Users\6145~1\AppData\Loc...}, goog:chromeOptions: {debuggerAddress: localhost:49820}, javascriptEnabled: true, networkConnectionEnabled: false, pageLoadStrategy: normal, platform: WINDOWS, platformName: WINDOWS, proxy: Proxy(), setWindowRect: true, strictFileInteractability: false, timeouts: {implicit: 0, pageLoad: 300000, script: 30000}, unhandledPromptBehavior: dismiss and notify, webauthn:extension:credBlob: true, webauthn:extension:largeBlob: true, webauthn:extension:minPinLength: true, webauthn:extension:prf: true, webauthn:virtualAuthenticators: true}
Session ID: d852c66d80d65246fd8617f77e166854
18:20:07 INFO  manager.WebDriverListener - Start searching element ----> By.xpath: //button[@type='button']
18:20:17 INFO  manager.WebDriverListener - Something went wrong!
18:20:17 INFO  manager.WebDriverListener - no such element: Unable to locate element: {"method":"xpath","selector":"//button[@type='button']"}
  (Session info: chrome=114.0.5735.199)
For documentation on this error, please visit: https://www.seleniumhq.org/exceptions/no_such_element.html
Build info: version: '3.141.59', revision: 'e82be7d358', time: '2018-11-14T08:17:03'
System info: host: 'ELENA', ip: '192.168.68.108', os.name: 'Windows 11', os.arch: 'amd64', os.version: '10.0', java.version: '18.0.1.1'
Driver info: org.openqa.selenium.chrome.ChromeDriver
Capabilities {acceptInsecureCerts: false, browserName: chrome, browserVersion: 114.0.5735.199, chrome: {chromedriverVersion: 113.0.5672.63 (0e1a4471d5ae..., userDataDir: C:\Users\6145~1\AppData\Loc...}, goog:chromeOptions: {debuggerAddress: localhost:49820}, javascriptEnabled: true, networkConnectionEnabled: false, pageLoadStrategy: normal, platform: WINDOWS, platformName: WINDOWS, proxy: Proxy(), setWindowRect: true, strictFileInteractability: false, timeouts: {implicit: 0, pageLoad: 300000, script: 30000}, unhandledPromptBehavior: dismiss and notify, webauthn:extension:credBlob: true, webauthn:extension:largeBlob: true, webauthn:extension:minPinLength: true, webauthn:extension:prf: true, webauthn:virtualAuthenticators: true}
Session ID: d852c66d80d65246fd8617f77e166854
*** Element info: {Using=xpath, value=//button[@type='button']}
18:20:17 INFO  manager.WebDriverListener - org.openqa.selenium.NoSuchElementException: no such element: Unable to locate element: {"method":"xpath","selector":"//button[@type='button']"}
  (Session info: chrome=114.0.5735.199)
For documentation on this error, please visit: https://www.seleniumhq.org/exceptions/no_such_element.html
Build info: version: '3.141.59', revision: 'e82be7d358', time: '2018-11-14T08:17:03'
System info: host: 'ELENA', ip: '192.168.68.108', os.name: 'Windows 11', os.arch: 'amd64', os.version: '10.0', java.version: '18.0.1.1'
Driver info: org.openqa.selenium.chrome.ChromeDriver
Capabilities {acceptInsecureCerts: false, browserName: chrome, browserVersion: 114.0.5735.199, chrome: {chromedriverVersion: 113.0.5672.63 (0e1a4471d5ae..., userDataDir: C:\Users\6145~1\AppData\Loc...}, goog:chromeOptions: {debuggerAddress: localhost:49820}, javascriptEnabled: true, networkConnectionEnabled: false, pageLoadStrategy: normal, platform: WINDOWS, platformName: WINDOWS, proxy: Proxy(), setWindowRect: true, strictFileInteractability: false, timeouts: {implicit: 0, pageLoad: 300000, script: 30000}, unhandledPromptBehavior: dismiss and notify, webauthn:extension:credBlob: true, webauthn:extension:largeBlob: true, webauthn:extension:minPinLength: true, webauthn:extension:prf: true, webauthn:virtualAuthenticators: true}
Session ID: d852c66d80d65246fd8617f77e166854
*** Element info: {Using=xpath, value=//button[@type='button']}
18:20:18 INFO  manager.WebDriverListener - This is a link to screenshot with error ---> src/test/screenshots/screen-1217.png
