16:14:25 INFO  manager.AppManager - Tests starting on Chrome
16:14:26 INFO  TestBase - Method loginPositiveUserDTO is started
16:14:27 INFO  manager.WebDriverListener - Start searching element ----> By.xpath: //*[.=' Logout ']
16:14:37 INFO  manager.WebDriverListener - Element with locator ----> By.xpath: //*[.=' Logout '] is found
16:14:37 INFO  manager.TestNGListener - Test loginPositiveUserDTO invoked
16:14:37 INFO  manager.WebDriverListener - Start searching element ----> By.xpath: //a[@class='navigation-link'][normalize-space()='Log in']
16:14:37 INFO  manager.WebDriverListener - Element with locator ----> By.xpath: //a[@class='navigation-link'][normalize-space()='Log in'] is found
16:14:37 INFO  manager.WebDriverListener - Start searching element ----> By.xpath: //input[@id='email']
16:14:37 INFO  manager.WebDriverListener - Element with locator ----> By.xpath: //input[@id='email'] is found
16:14:37 INFO  manager.WebDriverListener - Start searching element ----> By.xpath: //input[@id='password']
16:14:37 INFO  manager.WebDriverListener - Element with locator ----> By.xpath: //input[@id='password'] is found
16:14:37 INFO  manager.WebDriverListener - Start searching element ----> By.xpath: //button[@type='submit']
16:14:37 INFO  manager.WebDriverListener - Element with locator ----> By.xpath: //button[@type='submit'] is found
16:14:37 INFO  manager.WebDriverListener - Start searching element ----> By.xpath: //h2[contains(text(),'success')]
16:14:39 INFO  manager.WebDriverListener - Element with locator ----> By.xpath: //h2[contains(text(),'success')] is found
16:14:39 INFO  manager.TestNGListener - Test loginPositiveUserDTO successful
16:14:39 INFO  manager.WebDriverListener - Start searching element ----> By.xpath: //button[@type='button']
16:14:39 INFO  manager.WebDriverListener - Element with locator ----> By.xpath: //button[@type='button'] is found
16:14:39 INFO  TestBase - ==================================
16:14:39 INFO  TestBase - Method loginPositiveUserDTO is started
16:14:39 INFO  manager.WebDriverListener - Start searching element ----> By.xpath: //*[.=' Logout ']
16:14:39 INFO  manager.WebDriverListener - Element with locator ----> By.xpath: //*[.=' Logout '] is found
16:14:39 INFO  manager.WebDriverListener - Start searching element ----> By.xpath: //*[.=' Logout ']
16:14:39 INFO  manager.WebDriverListener - Element with locator ----> By.xpath: //*[.=' Logout '] is found
16:14:39 INFO  manager.TestNGListener - Test loginPositiveUserDTO invoked
16:14:39 INFO  manager.WebDriverListener - Start searching element ----> By.xpath: //a[@class='navigation-link'][normalize-space()='Log in']
16:14:49 INFO  manager.WebDriverListener - Something went wrong!
16:14:49 INFO  manager.WebDriverListener - no such element: Unable to locate element: {"method":"xpath","selector":"//a[@class='navigation-link'][normalize-space()='Log in']"}
  (Session info: chrome=114.0.5735.199)
For documentation on this error, please visit: https://www.seleniumhq.org/exceptions/no_such_element.html
Build info: version: '3.141.59', revision: 'e82be7d358', time: '2018-11-14T08:17:03'
System info: host: 'ELENA', ip: '192.168.68.108', os.name: 'Windows 11', os.arch: 'amd64', os.version: '10.0', java.version: '18.0.1.1'
Driver info: org.openqa.selenium.chrome.ChromeDriver
Capabilities {acceptInsecureCerts: false, browserName: chrome, browserVersion: 114.0.5735.199, chrome: {chromedriverVersion: 113.0.5672.63 (0e1a4471d5ae..., userDataDir: C:\Users\6145~1\AppData\Loc...}, goog:chromeOptions: {debuggerAddress: localhost:50604}, javascriptEnabled: true, networkConnectionEnabled: false, pageLoadStrategy: normal, platform: WINDOWS, platformName: WINDOWS, proxy: Proxy(), setWindowRect: true, strictFileInteractability: false, timeouts: {implicit: 0, pageLoad: 300000, script: 30000}, unhandledPromptBehavior: dismiss and notify, webauthn:extension:credBlob: true, webauthn:extension:largeBlob: true, webauthn:extension:minPinLength: true, webauthn:extension:prf: true, webauthn:virtualAuthenticators: true}
Session ID: cc0bdcb6f1ea8271e53f8188600d16bb
*** Element info: {Using=xpath, value=//a[@class='navigation-link'][normalize-space()='Log in']}
16:14:49 INFO  manager.WebDriverListener - org.openqa.selenium.NoSuchElementException: no such element: Unable to locate element: {"method":"xpath","selector":"//a[@class='navigation-link'][normalize-space()='Log in']"}
  (Session info: chrome=114.0.5735.199)
For documentation on this error, please visit: https://www.seleniumhq.org/exceptions/no_such_element.html
Build info: version: '3.141.59', revision: 'e82be7d358', time: '2018-11-14T08:17:03'
System info: host: 'ELENA', ip: '192.168.68.108', os.name: 'Windows 11', os.arch: 'amd64', os.version: '10.0', java.version: '18.0.1.1'
Driver info: org.openqa.selenium.chrome.ChromeDriver
Capabilities {acceptInsecureCerts: false, browserName: chrome, browserVersion: 114.0.5735.199, chrome: {chromedriverVersion: 113.0.5672.63 (0e1a4471d5ae..., userDataDir: C:\Users\6145~1\AppData\Loc...}, goog:chromeOptions: {debuggerAddress: localhost:50604}, javascriptEnabled: true, networkConnectionEnabled: false, pageLoadStrategy: normal, platform: WINDOWS, platformName: WINDOWS, proxy: Proxy(), setWindowRect: true, strictFileInteractability: false, timeouts: {implicit: 0, pageLoad: 300000, script: 30000}, unhandledPromptBehavior: dismiss and notify, webauthn:extension:credBlob: true, webauthn:extension:largeBlob: true, webauthn:extension:minPinLength: true, webauthn:extension:prf: true, webauthn:virtualAuthenticators: true}
Session ID: cc0bdcb6f1ea8271e53f8188600d16bb
*** Element info: {Using=xpath, value=//a[@class='navigation-link'][normalize-space()='Log in']}
16:14:49 INFO  manager.WebDriverListener - This is a link to screenshot with error ---> src/test/screenshots/screen-889.png
16:14:49 INFO  manager.TestNGListener - Test loginPositiveUserDTO failed: org.openqa.selenium.NoSuchElementException: no such element: Unable to locate element: {"method":"xpath","selector":"//a[@class='navigation-link'][normalize-space()='Log in']"}
  (Session info: chrome=114.0.5735.199)
For documentation on this error, please visit: https://www.seleniumhq.org/exceptions/no_such_element.html
Build info: version: '3.141.59', revision: 'e82be7d358', time: '2018-11-14T08:17:03'
System info: host: 'ELENA', ip: '192.168.68.108', os.name: 'Windows 11', os.arch: 'amd64', os.version: '10.0', java.version: '18.0.1.1'
Driver info: org.openqa.selenium.chrome.ChromeDriver
Capabilities {acceptInsecureCerts: false, browserName: chrome, browserVersion: 114.0.5735.199, chrome: {chromedriverVersion: 113.0.5672.63 (0e1a4471d5ae..., userDataDir: C:\Users\6145~1\AppData\Loc...}, goog:chromeOptions: {debuggerAddress: localhost:50604}, javascriptEnabled: true, networkConnectionEnabled: false, pageLoadStrategy: normal, platform: WINDOWS, platformName: WINDOWS, proxy: Proxy(), setWindowRect: true, strictFileInteractability: false, timeouts: {implicit: 0, pageLoad: 300000, script: 30000}, unhandledPromptBehavior: dismiss and notify, webauthn:extension:credBlob: true, webauthn:extension:largeBlob: true, webauthn:extension:minPinLength: true, webauthn:extension:prf: true, webauthn:virtualAuthenticators: true}
Session ID: cc0bdcb6f1ea8271e53f8188600d16bb
*** Element info: {Using=xpath, value=//a[@class='navigation-link'][normalize-space()='Log in']}
16:14:49 INFO  manager.WebDriverListener - Start searching element ----> By.xpath: //button[@type='button']
16:14:59 INFO  manager.WebDriverListener - Something went wrong!
16:14:59 INFO  manager.WebDriverListener - no such element: Unable to locate element: {"method":"xpath","selector":"//button[@type='button']"}
  (Session info: chrome=114.0.5735.199)
For documentation on this error, please visit: https://www.seleniumhq.org/exceptions/no_such_element.html
Build info: version: '3.141.59', revision: 'e82be7d358', time: '2018-11-14T08:17:03'
System info: host: 'ELENA', ip: '192.168.68.108', os.name: 'Windows 11', os.arch: 'amd64', os.version: '10.0', java.version: '18.0.1.1'
Driver info: org.openqa.selenium.chrome.ChromeDriver
Capabilities {acceptInsecureCerts: false, browserName: chrome, browserVersion: 114.0.5735.199, chrome: {chromedriverVersion: 113.0.5672.63 (0e1a4471d5ae..., userDataDir: C:\Users\6145~1\AppData\Loc...}, goog:chromeOptions: {debuggerAddress: localhost:50604}, javascriptEnabled: true, networkConnectionEnabled: false, pageLoadStrategy: normal, platform: WINDOWS, platformName: WINDOWS, proxy: Proxy(), setWindowRect: true, strictFileInteractability: false, timeouts: {implicit: 0, pageLoad: 300000, script: 30000}, unhandledPromptBehavior: dismiss and notify, webauthn:extension:credBlob: true, webauthn:extension:largeBlob: true, webauthn:extension:minPinLength: true, webauthn:extension:prf: true, webauthn:virtualAuthenticators: true}
Session ID: cc0bdcb6f1ea8271e53f8188600d16bb
*** Element info: {Using=xpath, value=//button[@type='button']}
16:14:59 INFO  manager.WebDriverListener - org.openqa.selenium.NoSuchElementException: no such element: Unable to locate element: {"method":"xpath","selector":"//button[@type='button']"}
  (Session info: chrome=114.0.5735.199)
For documentation on this error, please visit: https://www.seleniumhq.org/exceptions/no_such_element.html
Build info: version: '3.141.59', revision: 'e82be7d358', time: '2018-11-14T08:17:03'
System info: host: 'ELENA', ip: '192.168.68.108', os.name: 'Windows 11', os.arch: 'amd64', os.version: '10.0', java.version: '18.0.1.1'
Driver info: org.openqa.selenium.chrome.ChromeDriver
Capabilities {acceptInsecureCerts: false, browserName: chrome, browserVersion: 114.0.5735.199, chrome: {chromedriverVersion: 113.0.5672.63 (0e1a4471d5ae..., userDataDir: C:\Users\6145~1\AppData\Loc...}, goog:chromeOptions: {debuggerAddress: localhost:50604}, javascriptEnabled: true, networkConnectionEnabled: false, pageLoadStrategy: normal, platform: WINDOWS, platformName: WINDOWS, proxy: Proxy(), setWindowRect: true, strictFileInteractability: false, timeouts: {implicit: 0, pageLoad: 300000, script: 30000}, unhandledPromptBehavior: dismiss and notify, webauthn:extension:credBlob: true, webauthn:extension:largeBlob: true, webauthn:extension:minPinLength: true, webauthn:extension:prf: true, webauthn:virtualAuthenticators: true}
Session ID: cc0bdcb6f1ea8271e53f8188600d16bb
*** Element info: {Using=xpath, value=//button[@type='button']}
16:14:59 INFO  manager.WebDriverListener - This is a link to screenshot with error ---> src/test/screenshots/screen-899.png
16:14:59 INFO  manager.TestNGListener - Test loginPositiveUserDTO invoked
