11:38:42 INFO  manager.AppManager - Tests starting on Chrome
11:38:44 INFO  TestBase - Method loginPositiveUserDTO is started
11:38:44 INFO  manager.WebDriverListener - Start searching element ----> By.xpath: //*[.=' Logout ']
11:38:54 INFO  manager.WebDriverListener - Element with locator ----> By.xpath: //*[.=' Logout '] is found
11:38:54 INFO  manager.TestNGListener - Test loginPositiveUserDTO invoked
11:38:54 INFO  manager.WebDriverListener - Start searching element ----> By.xpath: //a[@class='navigation-link'][normalize-space()='Log in']
11:38:54 INFO  manager.WebDriverListener - Element with locator ----> By.xpath: //a[@class='navigation-link'][normalize-space()='Log in'] is found
11:38:54 INFO  manager.WebDriverListener - Start searching element ----> By.xpath: //input[@id='email']
11:38:54 INFO  manager.WebDriverListener - Element with locator ----> By.xpath: //input[@id='email'] is found
11:38:54 INFO  manager.WebDriverListener - Start searching element ----> By.xpath: //input[@id='password']
11:38:54 INFO  manager.WebDriverListener - Element with locator ----> By.xpath: //input[@id='password'] is found
11:38:54 INFO  manager.WebDriverListener - Start searching element ----> By.xpath: //button[@type='submit']
11:38:54 INFO  manager.WebDriverListener - Element with locator ----> By.xpath: //button[@type='submit'] is found
11:38:54 INFO  manager.WebDriverListener - Start searching element ----> By.xpath: //h2[contains(text(),'success')]
11:38:56 INFO  manager.WebDriverListener - Element with locator ----> By.xpath: //h2[contains(text(),'success')] is found
11:38:56 INFO  manager.TestNGListener - Test loginPositiveUserDTO successful
11:38:56 INFO  manager.WebDriverListener - Start searching element ----> By.xpath: //button[@type='button']
11:38:56 INFO  manager.WebDriverListener - Element with locator ----> By.xpath: //button[@type='button'] is found
11:38:56 INFO  TestBase - ==================================
11:38:56 INFO  TestBase - Method loginPositiveUserDTO is started
11:38:56 INFO  manager.WebDriverListener - Start searching element ----> By.xpath: //*[.=' Logout ']
11:38:56 INFO  manager.WebDriverListener - Element with locator ----> By.xpath: //*[.=' Logout '] is found
11:38:56 INFO  manager.WebDriverListener - Start searching element ----> By.xpath: //*[.=' Logout ']
11:38:56 INFO  manager.WebDriverListener - Element with locator ----> By.xpath: //*[.=' Logout '] is found
11:38:56 INFO  manager.TestNGListener - Test loginPositiveUserDTO invoked
11:38:56 INFO  manager.WebDriverListener - Start searching element ----> By.xpath: //a[@class='navigation-link'][normalize-space()='Log in']
11:39:06 INFO  manager.WebDriverListener - Something went wrong!
11:39:06 INFO  manager.WebDriverListener - no such element: Unable to locate element: {"method":"xpath","selector":"//a[@class='navigation-link'][normalize-space()='Log in']"}
  (Session info: chrome=114.0.5735.199)
For documentation on this error, please visit: https://www.seleniumhq.org/exceptions/no_such_element.html
Build info: version: '3.141.59', revision: 'e82be7d358', time: '2018-11-14T08:17:03'
System info: host: 'ELENA', ip: '192.168.68.108', os.name: 'Windows 11', os.arch: 'amd64', os.version: '10.0', java.version: '18.0.1.1'
Driver info: org.openqa.selenium.chrome.ChromeDriver
Capabilities {acceptInsecureCerts: false, browserName: chrome, browserVersion: 114.0.5735.199, chrome: {chromedriverVersion: 113.0.5672.63 (0e1a4471d5ae..., userDataDir: C:\Users\6145~1\AppData\Loc...}, goog:chromeOptions: {debuggerAddress: localhost:53305}, javascriptEnabled: true, networkConnectionEnabled: false, pageLoadStrategy: normal, platform: WINDOWS, platformName: WINDOWS, proxy: Proxy(), setWindowRect: true, strictFileInteractability: false, timeouts: {implicit: 0, pageLoad: 300000, script: 30000}, unhandledPromptBehavior: dismiss and notify, webauthn:extension:credBlob: true, webauthn:extension:largeBlob: true, webauthn:extension:minPinLength: true, webauthn:extension:prf: true, webauthn:virtualAuthenticators: true}
Session ID: 0afb20631e1179f744212772c1c64dbd
*** Element info: {Using=xpath, value=//a[@class='navigation-link'][normalize-space()='Log in']}
11:39:06 INFO  manager.WebDriverListener - org.openqa.selenium.NoSuchElementException: no such element: Unable to locate element: {"method":"xpath","selector":"//a[@class='navigation-link'][normalize-space()='Log in']"}
  (Session info: chrome=114.0.5735.199)
For documentation on this error, please visit: https://www.seleniumhq.org/exceptions/no_such_element.html
Build info: version: '3.141.59', revision: 'e82be7d358', time: '2018-11-14T08:17:03'
System info: host: 'ELENA', ip: '192.168.68.108', os.name: 'Windows 11', os.arch: 'amd64', os.version: '10.0', java.version: '18.0.1.1'
Driver info: org.openqa.selenium.chrome.ChromeDriver
Capabilities {acceptInsecureCerts: false, browserName: chrome, browserVersion: 114.0.5735.199, chrome: {chromedriverVersion: 113.0.5672.63 (0e1a4471d5ae..., userDataDir: C:\Users\6145~1\AppData\Loc...}, goog:chromeOptions: {debuggerAddress: localhost:53305}, javascriptEnabled: true, networkConnectionEnabled: false, pageLoadStrategy: normal, platform: WINDOWS, platformName: WINDOWS, proxy: Proxy(), setWindowRect: true, strictFileInteractability: false, timeouts: {implicit: 0, pageLoad: 300000, script: 30000}, unhandledPromptBehavior: dismiss and notify, webauthn:extension:credBlob: true, webauthn:extension:largeBlob: true, webauthn:extension:minPinLength: true, webauthn:extension:prf: true, webauthn:virtualAuthenticators: true}
Session ID: 0afb20631e1179f744212772c1c64dbd
*** Element info: {Using=xpath, value=//a[@class='navigation-link'][normalize-space()='Log in']}
11:39:06 INFO  manager.WebDriverListener - This is a link to screenshot with error ---> src/test/screenshots/screen-2346.png
11:39:06 INFO  manager.TestNGListener - Test loginPositiveUserDTO failed: org.openqa.selenium.NoSuchElementException: no such element: Unable to locate element: {"method":"xpath","selector":"//a[@class='navigation-link'][normalize-space()='Log in']"}
  (Session info: chrome=114.0.5735.199)
For documentation on this error, please visit: https://www.seleniumhq.org/exceptions/no_such_element.html
Build info: version: '3.141.59', revision: 'e82be7d358', time: '2018-11-14T08:17:03'
System info: host: 'ELENA', ip: '192.168.68.108', os.name: 'Windows 11', os.arch: 'amd64', os.version: '10.0', java.version: '18.0.1.1'
Driver info: org.openqa.selenium.chrome.ChromeDriver
Capabilities {acceptInsecureCerts: false, browserName: chrome, browserVersion: 114.0.5735.199, chrome: {chromedriverVersion: 113.0.5672.63 (0e1a4471d5ae..., userDataDir: C:\Users\6145~1\AppData\Loc...}, goog:chromeOptions: {debuggerAddress: localhost:53305}, javascriptEnabled: true, networkConnectionEnabled: false, pageLoadStrategy: normal, platform: WINDOWS, platformName: WINDOWS, proxy: Proxy(), setWindowRect: true, strictFileInteractability: false, timeouts: {implicit: 0, pageLoad: 300000, script: 30000}, unhandledPromptBehavior: dismiss and notify, webauthn:extension:credBlob: true, webauthn:extension:largeBlob: true, webauthn:extension:minPinLength: true, webauthn:extension:prf: true, webauthn:virtualAuthenticators: true}
Session ID: 0afb20631e1179f744212772c1c64dbd
*** Element info: {Using=xpath, value=//a[@class='navigation-link'][normalize-space()='Log in']}
11:39:06 INFO  manager.WebDriverListener - Start searching element ----> By.xpath: //button[@type='button']
11:39:16 INFO  manager.WebDriverListener - Something went wrong!
11:39:16 INFO  manager.WebDriverListener - no such element: Unable to locate element: {"method":"xpath","selector":"//button[@type='button']"}
  (Session info: chrome=114.0.5735.199)
For documentation on this error, please visit: https://www.seleniumhq.org/exceptions/no_such_element.html
Build info: version: '3.141.59', revision: 'e82be7d358', time: '2018-11-14T08:17:03'
System info: host: 'ELENA', ip: '192.168.68.108', os.name: 'Windows 11', os.arch: 'amd64', os.version: '10.0', java.version: '18.0.1.1'
Driver info: org.openqa.selenium.chrome.ChromeDriver
Capabilities {acceptInsecureCerts: false, browserName: chrome, browserVersion: 114.0.5735.199, chrome: {chromedriverVersion: 113.0.5672.63 (0e1a4471d5ae..., userDataDir: C:\Users\6145~1\AppData\Loc...}, goog:chromeOptions: {debuggerAddress: localhost:53305}, javascriptEnabled: true, networkConnectionEnabled: false, pageLoadStrategy: normal, platform: WINDOWS, platformName: WINDOWS, proxy: Proxy(), setWindowRect: true, strictFileInteractability: false, timeouts: {implicit: 0, pageLoad: 300000, script: 30000}, unhandledPromptBehavior: dismiss and notify, webauthn:extension:credBlob: true, webauthn:extension:largeBlob: true, webauthn:extension:minPinLength: true, webauthn:extension:prf: true, webauthn:virtualAuthenticators: true}
Session ID: 0afb20631e1179f744212772c1c64dbd
*** Element info: {Using=xpath, value=//button[@type='button']}
11:39:16 INFO  manager.WebDriverListener - org.openqa.selenium.NoSuchElementException: no such element: Unable to locate element: {"method":"xpath","selector":"//button[@type='button']"}
  (Session info: chrome=114.0.5735.199)
For documentation on this error, please visit: https://www.seleniumhq.org/exceptions/no_such_element.html
Build info: version: '3.141.59', revision: 'e82be7d358', time: '2018-11-14T08:17:03'
System info: host: 'ELENA', ip: '192.168.68.108', os.name: 'Windows 11', os.arch: 'amd64', os.version: '10.0', java.version: '18.0.1.1'
Driver info: org.openqa.selenium.chrome.ChromeDriver
Capabilities {acceptInsecureCerts: false, browserName: chrome, browserVersion: 114.0.5735.199, chrome: {chromedriverVersion: 113.0.5672.63 (0e1a4471d5ae..., userDataDir: C:\Users\6145~1\AppData\Loc...}, goog:chromeOptions: {debuggerAddress: localhost:53305}, javascriptEnabled: true, networkConnectionEnabled: false, pageLoadStrategy: normal, platform: WINDOWS, platformName: WINDOWS, proxy: Proxy(), setWindowRect: true, strictFileInteractability: false, timeouts: {implicit: 0, pageLoad: 300000, script: 30000}, unhandledPromptBehavior: dismiss and notify, webauthn:extension:credBlob: true, webauthn:extension:largeBlob: true, webauthn:extension:minPinLength: true, webauthn:extension:prf: true, webauthn:virtualAuthenticators: true}
Session ID: 0afb20631e1179f744212772c1c64dbd
*** Element info: {Using=xpath, value=//button[@type='button']}
11:39:16 INFO  manager.WebDriverListener - This is a link to screenshot with error ---> src/test/screenshots/screen-2356.png
11:39:16 INFO  manager.TestNGListener - Test loginPositiveUserDTO invoked
