11:41:54 INFO  manager.AppManager - Tests starting on Chrome
11:41:56 INFO  TestBase - Method registrationPositiveDTO is started
11:41:56 INFO  manager.WebDriverListener - Start searching element ----> By.xpath: //*[.=' Logout ']
11:42:06 INFO  manager.WebDriverListener - Element with locator ----> By.xpath: //*[.=' Logout '] is found
11:42:06 INFO  manager.TestNGListener - Test registrationPositiveDTO invoked
11:42:06 INFO  manager.WebDriverListener - Start searching element ----> By.xpath: //*[.=' Sign up ']
11:42:06 INFO  manager.WebDriverListener - Element with locator ----> By.xpath: //*[.=' Sign up '] is found
11:42:06 INFO  TestBase - openRegistrationForm invoked
11:42:06 INFO  manager.WebDriverListener - Start searching element ----> By.xpath: //input[@id='name']
11:42:06 INFO  manager.WebDriverListener - Element with locator ----> By.xpath: //input[@id='name'] is found
11:42:06 INFO  manager.WebDriverListener - Start searching element ----> By.xpath: //input[@id='lastName']
11:42:06 INFO  manager.WebDriverListener - Element with locator ----> By.xpath: //input[@id='lastName'] is found
11:42:06 INFO  manager.WebDriverListener - Start searching element ----> By.xpath: //input[@id='email']
11:42:06 INFO  manager.WebDriverListener - Element with locator ----> By.xpath: //input[@id='email'] is found
11:42:06 INFO  manager.WebDriverListener - Start searching element ----> By.xpath: //input[@id='password']
11:42:06 INFO  manager.WebDriverListener - Element with locator ----> By.xpath: //input[@id='password'] is found
11:42:06 INFO  manager.WebDriverListener - Start searching element ----> By.cssSelector: div.checkbox-container
11:42:06 INFO  manager.WebDriverListener - Element with locator ----> By.cssSelector: div.checkbox-container is found
11:42:07 INFO  TestBase - fillRegistrationForm invoked
11:42:07 INFO  manager.WebDriverListener - Start searching element ----> By.xpath: //button[@type='submit']
11:42:07 INFO  manager.WebDriverListener - Element with locator ----> By.xpath: //button[@type='submit'] is found
11:42:07 INFO  TestBase - submitLogin invoked
11:42:07 INFO  TestBase - registrationPositive starts with credentials: login joe_15544500000@n.com & password: $Asjj1234
11:42:07 INFO  manager.WebDriverListener - Start searching element ----> By.xpath: //h2[contains(text(),'success')]
11:42:08 INFO  manager.WebDriverListener - Element with locator ----> By.xpath: //h2[contains(text(),'success')] is found
11:42:08 INFO  manager.TestNGListener - Test registrationPositiveDTO successful
11:42:08 INFO  manager.WebDriverListener - Start searching element ----> By.xpath: //*[@class='positive-button ng-star-inserted']
11:42:08 INFO  manager.WebDriverListener - Element with locator ----> By.xpath: //*[@class='positive-button ng-star-inserted'] is found
11:42:08 INFO  TestBase - ==================================
11:42:08 INFO  TestBase - Method registrationPositiveDTO is started
11:42:08 INFO  manager.WebDriverListener - Start searching element ----> By.xpath: //*[.=' Logout ']
11:42:08 INFO  manager.WebDriverListener - Element with locator ----> By.xpath: //*[.=' Logout '] is found
11:42:08 INFO  manager.WebDriverListener - Start searching element ----> By.xpath: //*[.=' Logout ']
11:42:08 INFO  manager.WebDriverListener - Element with locator ----> By.xpath: //*[.=' Logout '] is found
11:42:08 INFO  manager.TestNGListener - Test registrationPositiveDTO invoked
11:42:08 INFO  manager.WebDriverListener - Start searching element ----> By.xpath: //*[.=' Sign up ']
11:42:08 INFO  manager.WebDriverListener - Element with locator ----> By.xpath: //*[.=' Sign up '] is found
11:42:08 INFO  TestBase - openRegistrationForm invoked
11:42:08 INFO  manager.WebDriverListener - Start searching element ----> By.xpath: //input[@id='name']
11:42:18 INFO  manager.WebDriverListener - Something went wrong!
11:42:18 INFO  manager.WebDriverListener - no such element: Unable to locate element: {"method":"xpath","selector":"//input[@id='name']"}
  (Session info: chrome=114.0.5735.199)
For documentation on this error, please visit: https://www.seleniumhq.org/exceptions/no_such_element.html
Build info: version: '3.141.59', revision: 'e82be7d358', time: '2018-11-14T08:17:03'
System info: host: 'ELENA', ip: '192.168.68.108', os.name: 'Windows 11', os.arch: 'amd64', os.version: '10.0', java.version: '18.0.1.1'
Driver info: org.openqa.selenium.chrome.ChromeDriver
Capabilities {acceptInsecureCerts: false, browserName: chrome, browserVersion: 114.0.5735.199, chrome: {chromedriverVersion: 113.0.5672.63 (0e1a4471d5ae..., userDataDir: C:\Users\6145~1\AppData\Loc...}, goog:chromeOptions: {debuggerAddress: localhost:65375}, javascriptEnabled: true, networkConnectionEnabled: false, pageLoadStrategy: normal, platform: WINDOWS, platformName: WINDOWS, proxy: Proxy(), setWindowRect: true, strictFileInteractability: false, timeouts: {implicit: 0, pageLoad: 300000, script: 30000}, unhandledPromptBehavior: dismiss and notify, webauthn:extension:credBlob: true, webauthn:extension:largeBlob: true, webauthn:extension:minPinLength: true, webauthn:extension:prf: true, webauthn:virtualAuthenticators: true}
Session ID: 55132fe79f493de7e42181d1c8735f70
*** Element info: {Using=xpath, value=//input[@id='name']}
11:42:18 INFO  manager.WebDriverListener - org.openqa.selenium.NoSuchElementException: no such element: Unable to locate element: {"method":"xpath","selector":"//input[@id='name']"}
  (Session info: chrome=114.0.5735.199)
For documentation on this error, please visit: https://www.seleniumhq.org/exceptions/no_such_element.html
Build info: version: '3.141.59', revision: 'e82be7d358', time: '2018-11-14T08:17:03'
System info: host: 'ELENA', ip: '192.168.68.108', os.name: 'Windows 11', os.arch: 'amd64', os.version: '10.0', java.version: '18.0.1.1'
Driver info: org.openqa.selenium.chrome.ChromeDriver
Capabilities {acceptInsecureCerts: false, browserName: chrome, browserVersion: 114.0.5735.199, chrome: {chromedriverVersion: 113.0.5672.63 (0e1a4471d5ae..., userDataDir: C:\Users\6145~1\AppData\Loc...}, goog:chromeOptions: {debuggerAddress: localhost:65375}, javascriptEnabled: true, networkConnectionEnabled: false, pageLoadStrategy: normal, platform: WINDOWS, platformName: WINDOWS, proxy: Proxy(), setWindowRect: true, strictFileInteractability: false, timeouts: {implicit: 0, pageLoad: 300000, script: 30000}, unhandledPromptBehavior: dismiss and notify, webauthn:extension:credBlob: true, webauthn:extension:largeBlob: true, webauthn:extension:minPinLength: true, webauthn:extension:prf: true, webauthn:virtualAuthenticators: true}
Session ID: 55132fe79f493de7e42181d1c8735f70
*** Element info: {Using=xpath, value=//input[@id='name']}
11:42:18 INFO  manager.WebDriverListener - This is a link to screenshot with error ---> src/test/screenshots/screen-2538.png
11:42:18 INFO  manager.TestNGListener - Test registrationPositiveDTO failed: org.openqa.selenium.NoSuchElementException: no such element: Unable to locate element: {"method":"xpath","selector":"//input[@id='name']"}
  (Session info: chrome=114.0.5735.199)
For documentation on this error, please visit: https://www.seleniumhq.org/exceptions/no_such_element.html
Build info: version: '3.141.59', revision: 'e82be7d358', time: '2018-11-14T08:17:03'
System info: host: 'ELENA', ip: '192.168.68.108', os.name: 'Windows 11', os.arch: 'amd64', os.version: '10.0', java.version: '18.0.1.1'
Driver info: org.openqa.selenium.chrome.ChromeDriver
Capabilities {acceptInsecureCerts: false, browserName: chrome, browserVersion: 114.0.5735.199, chrome: {chromedriverVersion: 113.0.5672.63 (0e1a4471d5ae..., userDataDir: C:\Users\6145~1\AppData\Loc...}, goog:chromeOptions: {debuggerAddress: localhost:65375}, javascriptEnabled: true, networkConnectionEnabled: false, pageLoadStrategy: normal, platform: WINDOWS, platformName: WINDOWS, proxy: Proxy(), setWindowRect: true, strictFileInteractability: false, timeouts: {implicit: 0, pageLoad: 300000, script: 30000}, unhandledPromptBehavior: dismiss and notify, webauthn:extension:credBlob: true, webauthn:extension:largeBlob: true, webauthn:extension:minPinLength: true, webauthn:extension:prf: true, webauthn:virtualAuthenticators: true}
Session ID: 55132fe79f493de7e42181d1c8735f70
*** Element info: {Using=xpath, value=//input[@id='name']}
11:42:18 INFO  manager.WebDriverListener - Start searching element ----> By.xpath: //*[@class='positive-button ng-star-inserted']
11:42:28 INFO  manager.WebDriverListener - Something went wrong!
11:42:28 INFO  manager.WebDriverListener - no such element: Unable to locate element: {"method":"xpath","selector":"//*[@class='positive-button ng-star-inserted']"}
  (Session info: chrome=114.0.5735.199)
For documentation on this error, please visit: https://www.seleniumhq.org/exceptions/no_such_element.html
Build info: version: '3.141.59', revision: 'e82be7d358', time: '2018-11-14T08:17:03'
System info: host: 'ELENA', ip: '192.168.68.108', os.name: 'Windows 11', os.arch: 'amd64', os.version: '10.0', java.version: '18.0.1.1'
Driver info: org.openqa.selenium.chrome.ChromeDriver
Capabilities {acceptInsecureCerts: false, browserName: chrome, browserVersion: 114.0.5735.199, chrome: {chromedriverVersion: 113.0.5672.63 (0e1a4471d5ae..., userDataDir: C:\Users\6145~1\AppData\Loc...}, goog:chromeOptions: {debuggerAddress: localhost:65375}, javascriptEnabled: true, networkConnectionEnabled: false, pageLoadStrategy: normal, platform: WINDOWS, platformName: WINDOWS, proxy: Proxy(), setWindowRect: true, strictFileInteractability: false, timeouts: {implicit: 0, pageLoad: 300000, script: 30000}, unhandledPromptBehavior: dismiss and notify, webauthn:extension:credBlob: true, webauthn:extension:largeBlob: true, webauthn:extension:minPinLength: true, webauthn:extension:prf: true, webauthn:virtualAuthenticators: true}
Session ID: 55132fe79f493de7e42181d1c8735f70
*** Element info: {Using=xpath, value=//*[@class='positive-button ng-star-inserted']}
11:42:28 INFO  manager.WebDriverListener - org.openqa.selenium.NoSuchElementException: no such element: Unable to locate element: {"method":"xpath","selector":"//*[@class='positive-button ng-star-inserted']"}
  (Session info: chrome=114.0.5735.199)
For documentation on this error, please visit: https://www.seleniumhq.org/exceptions/no_such_element.html
Build info: version: '3.141.59', revision: 'e82be7d358', time: '2018-11-14T08:17:03'
System info: host: 'ELENA', ip: '192.168.68.108', os.name: 'Windows 11', os.arch: 'amd64', os.version: '10.0', java.version: '18.0.1.1'
Driver info: org.openqa.selenium.chrome.ChromeDriver
Capabilities {acceptInsecureCerts: false, browserName: chrome, browserVersion: 114.0.5735.199, chrome: {chromedriverVersion: 113.0.5672.63 (0e1a4471d5ae..., userDataDir: C:\Users\6145~1\AppData\Loc...}, goog:chromeOptions: {debuggerAddress: localhost:65375}, javascriptEnabled: true, networkConnectionEnabled: false, pageLoadStrategy: normal, platform: WINDOWS, platformName: WINDOWS, proxy: Proxy(), setWindowRect: true, strictFileInteractability: false, timeouts: {implicit: 0, pageLoad: 300000, script: 30000}, unhandledPromptBehavior: dismiss and notify, webauthn:extension:credBlob: true, webauthn:extension:largeBlob: true, webauthn:extension:minPinLength: true, webauthn:extension:prf: true, webauthn:virtualAuthenticators: true}
Session ID: 55132fe79f493de7e42181d1c8735f70
*** Element info: {Using=xpath, value=//*[@class='positive-button ng-star-inserted']}
11:42:28 INFO  manager.WebDriverListener - This is a link to screenshot with error ---> src/test/screenshots/screen-2548.png
11:42:28 INFO  manager.TestNGListener - Test registrationPositiveDTO invoked
11:42:29 INFO  manager.TestNGListener - Test registrationPositiveDTO invoked
11:42:29 INFO  manager.TestNGListener - Test registrationPositiveDTO invoked
