11:29:32 INFO  manager.AppManager - Tests starting on Chrome
11:29:35 INFO  TestBase - Method registrationPositiveDTO is started
11:29:35 INFO  manager.WebDriverListener - Start searching element ----> By.xpath: //*[.=' Logout ']
11:29:45 INFO  manager.WebDriverListener - Element with locator ----> By.xpath: //*[.=' Logout '] is found
11:29:45 INFO  manager.TestNGListener - Test registrationPositiveDTO invoked
11:29:45 INFO  manager.WebDriverListener - Start searching element ----> By.xpath: //*[.=' Sign up ']
11:29:45 INFO  manager.WebDriverListener - Element with locator ----> By.xpath: //*[.=' Sign up '] is found
11:29:45 INFO  TestBase - openRegistrationForm invoked
11:29:45 INFO  manager.WebDriverListener - Start searching element ----> By.xpath: //input[@id='name']
11:29:45 INFO  manager.WebDriverListener - Element with locator ----> By.xpath: //input[@id='name'] is found
11:29:45 INFO  manager.WebDriverListener - Start searching element ----> By.xpath: //input[@id='lastName']
11:29:45 INFO  manager.WebDriverListener - Element with locator ----> By.xpath: //input[@id='lastName'] is found
11:29:45 INFO  manager.WebDriverListener - Start searching element ----> By.xpath: //input[@id='email']
11:29:45 INFO  manager.WebDriverListener - Element with locator ----> By.xpath: //input[@id='email'] is found
11:29:45 INFO  manager.WebDriverListener - Start searching element ----> By.xpath: //input[@id='password']
11:29:45 INFO  manager.WebDriverListener - Element with locator ----> By.xpath: //input[@id='password'] is found
11:29:45 INFO  manager.WebDriverListener - Start searching element ----> By.cssSelector: div.checkbox-container
11:29:45 INFO  manager.WebDriverListener - Element with locator ----> By.cssSelector: div.checkbox-container is found
11:29:45 INFO  TestBase - fillRegistrationForm invoked
11:29:45 INFO  manager.WebDriverListener - Start searching element ----> By.xpath: //button[@type='submit']
11:29:45 INFO  manager.WebDriverListener - Element with locator ----> By.xpath: //button[@type='submit'] is found
11:29:45 INFO  TestBase - submitLogin invoked
11:29:45 INFO  TestBase - registrationPositive starts with credentials: login joe_15545120@n.com & password: $Asjj1234
11:29:45 INFO  manager.WebDriverListener - Start searching element ----> By.xpath: //h2[contains(text(),'success')]
11:29:55 INFO  manager.WebDriverListener - Element with locator ----> By.xpath: //h2[contains(text(),'success')] is found
11:29:55 INFO  manager.TestNGListener - Test registrationPositiveDTO failed: java.lang.AssertionError: expected [true] but found [false]
11:29:55 INFO  manager.WebDriverListener - Start searching element ----> By.xpath: //button[@type='button']
11:29:55 INFO  manager.WebDriverListener - Element with locator ----> By.xpath: //button[@type='button'] is found
11:29:55 INFO  TestBase - ==================================
11:29:55 INFO  TestBase - Method registrationPositiveDTO is started
11:29:55 INFO  manager.WebDriverListener - Start searching element ----> By.xpath: //*[.=' Logout ']
11:30:05 INFO  manager.WebDriverListener - Element with locator ----> By.xpath: //*[.=' Logout '] is found
11:30:05 INFO  manager.TestNGListener - Test registrationPositiveDTO invoked
11:30:05 INFO  manager.WebDriverListener - Start searching element ----> By.xpath: //*[.=' Sign up ']
11:30:05 INFO  manager.WebDriverListener - Element with locator ----> By.xpath: //*[.=' Sign up '] is found
11:30:06 INFO  TestBase - openRegistrationForm invoked
11:30:06 INFO  manager.WebDriverListener - Start searching element ----> By.xpath: //input[@id='name']
11:30:06 INFO  manager.WebDriverListener - Element with locator ----> By.xpath: //input[@id='name'] is found
11:30:06 INFO  manager.WebDriverListener - Start searching element ----> By.xpath: //input[@id='lastName']
11:30:06 INFO  manager.WebDriverListener - Element with locator ----> By.xpath: //input[@id='lastName'] is found
11:30:06 INFO  manager.WebDriverListener - Start searching element ----> By.xpath: //input[@id='email']
11:30:06 INFO  manager.WebDriverListener - Element with locator ----> By.xpath: //input[@id='email'] is found
11:30:06 INFO  manager.WebDriverListener - Start searching element ----> By.xpath: //input[@id='password']
11:30:06 INFO  manager.WebDriverListener - Element with locator ----> By.xpath: //input[@id='password'] is found
11:30:06 INFO  manager.WebDriverListener - Start searching element ----> By.cssSelector: div.checkbox-container
11:30:06 INFO  manager.WebDriverListener - Element with locator ----> By.cssSelector: div.checkbox-container is found
11:30:06 INFO  manager.WebDriverListener - Something went wrong!
11:30:06 INFO  manager.WebDriverListener - move target out of bounds
  (Session info: chrome=114.0.5735.199)
Build info: version: '3.141.59', revision: 'e82be7d358', time: '2018-11-14T08:17:03'
System info: host: 'ELENA', ip: '192.168.68.108', os.name: 'Windows 11', os.arch: 'amd64', os.version: '10.0', java.version: '18.0.1.1'
Driver info: org.openqa.selenium.chrome.ChromeDriver
Capabilities {acceptInsecureCerts: false, browserName: chrome, browserVersion: 114.0.5735.199, chrome: {chromedriverVersion: 113.0.5672.63 (0e1a4471d5ae..., userDataDir: C:\Users\6145~1\AppData\Loc...}, goog:chromeOptions: {debuggerAddress: localhost:64115}, javascriptEnabled: true, networkConnectionEnabled: false, pageLoadStrategy: normal, platform: WINDOWS, platformName: WINDOWS, proxy: Proxy(), setWindowRect: true, strictFileInteractability: false, timeouts: {implicit: 0, pageLoad: 300000, script: 30000}, unhandledPromptBehavior: dismiss and notify, webauthn:extension:credBlob: true, webauthn:extension:largeBlob: true, webauthn:extension:minPinLength: true, webauthn:extension:prf: true, webauthn:virtualAuthenticators: true}
Session ID: 21169d5dec820e69846b3579cf1fa604
11:30:06 INFO  manager.WebDriverListener - org.openqa.selenium.interactions.MoveTargetOutOfBoundsException: move target out of bounds
  (Session info: chrome=114.0.5735.199)
Build info: version: '3.141.59', revision: 'e82be7d358', time: '2018-11-14T08:17:03'
System info: host: 'ELENA', ip: '192.168.68.108', os.name: 'Windows 11', os.arch: 'amd64', os.version: '10.0', java.version: '18.0.1.1'
Driver info: org.openqa.selenium.chrome.ChromeDriver
Capabilities {acceptInsecureCerts: false, browserName: chrome, browserVersion: 114.0.5735.199, chrome: {chromedriverVersion: 113.0.5672.63 (0e1a4471d5ae..., userDataDir: C:\Users\6145~1\AppData\Loc...}, goog:chromeOptions: {debuggerAddress: localhost:64115}, javascriptEnabled: true, networkConnectionEnabled: false, pageLoadStrategy: normal, platform: WINDOWS, platformName: WINDOWS, proxy: Proxy(), setWindowRect: true, strictFileInteractability: false, timeouts: {implicit: 0, pageLoad: 300000, script: 30000}, unhandledPromptBehavior: dismiss and notify, webauthn:extension:credBlob: true, webauthn:extension:largeBlob: true, webauthn:extension:minPinLength: true, webauthn:extension:prf: true, webauthn:virtualAuthenticators: true}
Session ID: 21169d5dec820e69846b3579cf1fa604
11:30:06 INFO  manager.WebDriverListener - This is a link to screenshot with error ---> src/test/screenshots/screen-1806.png
11:30:06 INFO  manager.TestNGListener - Test registrationPositiveDTO failed: org.openqa.selenium.interactions.MoveTargetOutOfBoundsException: move target out of bounds
  (Session info: chrome=114.0.5735.199)
Build info: version: '3.141.59', revision: 'e82be7d358', time: '2018-11-14T08:17:03'
System info: host: 'ELENA', ip: '192.168.68.108', os.name: 'Windows 11', os.arch: 'amd64', os.version: '10.0', java.version: '18.0.1.1'
Driver info: org.openqa.selenium.chrome.ChromeDriver
Capabilities {acceptInsecureCerts: false, browserName: chrome, browserVersion: 114.0.5735.199, chrome: {chromedriverVersion: 113.0.5672.63 (0e1a4471d5ae..., userDataDir: C:\Users\6145~1\AppData\Loc...}, goog:chromeOptions: {debuggerAddress: localhost:64115}, javascriptEnabled: true, networkConnectionEnabled: false, pageLoadStrategy: normal, platform: WINDOWS, platformName: WINDOWS, proxy: Proxy(), setWindowRect: true, strictFileInteractability: false, timeouts: {implicit: 0, pageLoad: 300000, script: 30000}, unhandledPromptBehavior: dismiss and notify, webauthn:extension:credBlob: true, webauthn:extension:largeBlob: true, webauthn:extension:minPinLength: true, webauthn:extension:prf: true, webauthn:virtualAuthenticators: true}
Session ID: 21169d5dec820e69846b3579cf1fa604
11:30:06 INFO  manager.WebDriverListener - Start searching element ----> By.xpath: //button[@type='button']
11:30:16 INFO  manager.WebDriverListener - Something went wrong!
11:30:16 INFO  manager.WebDriverListener - no such element: Unable to locate element: {"method":"xpath","selector":"//button[@type='button']"}
  (Session info: chrome=114.0.5735.199)
For documentation on this error, please visit: https://www.seleniumhq.org/exceptions/no_such_element.html
Build info: version: '3.141.59', revision: 'e82be7d358', time: '2018-11-14T08:17:03'
System info: host: 'ELENA', ip: '192.168.68.108', os.name: 'Windows 11', os.arch: 'amd64', os.version: '10.0', java.version: '18.0.1.1'
Driver info: org.openqa.selenium.chrome.ChromeDriver
Capabilities {acceptInsecureCerts: false, browserName: chrome, browserVersion: 114.0.5735.199, chrome: {chromedriverVersion: 113.0.5672.63 (0e1a4471d5ae..., userDataDir: C:\Users\6145~1\AppData\Loc...}, goog:chromeOptions: {debuggerAddress: localhost:64115}, javascriptEnabled: true, networkConnectionEnabled: false, pageLoadStrategy: normal, platform: WINDOWS, platformName: WINDOWS, proxy: Proxy(), setWindowRect: true, strictFileInteractability: false, timeouts: {implicit: 0, pageLoad: 300000, script: 30000}, unhandledPromptBehavior: dismiss and notify, webauthn:extension:credBlob: true, webauthn:extension:largeBlob: true, webauthn:extension:minPinLength: true, webauthn:extension:prf: true, webauthn:virtualAuthenticators: true}
Session ID: 21169d5dec820e69846b3579cf1fa604
*** Element info: {Using=xpath, value=//button[@type='button']}
11:30:16 INFO  manager.WebDriverListener - org.openqa.selenium.NoSuchElementException: no such element: Unable to locate element: {"method":"xpath","selector":"//button[@type='button']"}
  (Session info: chrome=114.0.5735.199)
For documentation on this error, please visit: https://www.seleniumhq.org/exceptions/no_such_element.html
Build info: version: '3.141.59', revision: 'e82be7d358', time: '2018-11-14T08:17:03'
System info: host: 'ELENA', ip: '192.168.68.108', os.name: 'Windows 11', os.arch: 'amd64', os.version: '10.0', java.version: '18.0.1.1'
Driver info: org.openqa.selenium.chrome.ChromeDriver
Capabilities {acceptInsecureCerts: false, browserName: chrome, browserVersion: 114.0.5735.199, chrome: {chromedriverVersion: 113.0.5672.63 (0e1a4471d5ae..., userDataDir: C:\Users\6145~1\AppData\Loc...}, goog:chromeOptions: {debuggerAddress: localhost:64115}, javascriptEnabled: true, networkConnectionEnabled: false, pageLoadStrategy: normal, platform: WINDOWS, platformName: WINDOWS, proxy: Proxy(), setWindowRect: true, strictFileInteractability: false, timeouts: {implicit: 0, pageLoad: 300000, script: 30000}, unhandledPromptBehavior: dismiss and notify, webauthn:extension:credBlob: true, webauthn:extension:largeBlob: true, webauthn:extension:minPinLength: true, webauthn:extension:prf: true, webauthn:virtualAuthenticators: true}
Session ID: 21169d5dec820e69846b3579cf1fa604
*** Element info: {Using=xpath, value=//button[@type='button']}
11:30:17 INFO  manager.WebDriverListener - This is a link to screenshot with error ---> src/test/screenshots/screen-1816.png
11:30:17 INFO  manager.TestNGListener - Test registrationPositiveDTO invoked
11:30:17 INFO  manager.TestNGListener - Test registrationPositiveDTO invoked
11:30:17 INFO  manager.TestNGListener - Test registrationPositiveDTO invoked
