15:02:17 INFO  manager.AppManager - Tests starting on Chrome
15:02:19 INFO  TestBase - Method registrationPositiveDTO is started
15:02:19 INFO  manager.WebDriverListener - Start searching element ----> By.xpath: //*[.=' Logout ']
15:02:29 INFO  manager.WebDriverListener - Element with locator ----> By.xpath: //*[.=' Logout '] is found
15:02:29 INFO  manager.TestNGListener - Test registrationPositiveDTO invoked
15:02:29 INFO  manager.WebDriverListener - Start searching element ----> By.xpath: //*[.=' Sign up ']
15:02:29 INFO  manager.WebDriverListener - Element with locator ----> By.xpath: //*[.=' Sign up '] is found
15:02:29 INFO  TestBase - openRegistrationForm invoked
15:02:29 INFO  manager.WebDriverListener - Start searching element ----> By.xpath: //input[@id='name']
15:02:29 INFO  manager.WebDriverListener - Element with locator ----> By.xpath: //input[@id='name'] is found
15:02:30 INFO  manager.WebDriverListener - Start searching element ----> By.xpath: //input[@id='lastName']
15:02:30 INFO  manager.WebDriverListener - Element with locator ----> By.xpath: //input[@id='lastName'] is found
15:02:30 INFO  manager.WebDriverListener - Start searching element ----> By.xpath: //input[@id='email']
15:02:30 INFO  manager.WebDriverListener - Element with locator ----> By.xpath: //input[@id='email'] is found
15:02:30 INFO  manager.WebDriverListener - Start searching element ----> By.xpath: //input[@id='password']
15:02:30 INFO  manager.WebDriverListener - Element with locator ----> By.xpath: //input[@id='password'] is found
15:02:30 INFO  manager.WebDriverListener - Start searching element ----> By.cssSelector: div.checkbox-container
15:02:30 INFO  manager.WebDriverListener - Element with locator ----> By.cssSelector: div.checkbox-container is found
15:02:30 INFO  TestBase - fillRegistrationForm invoked
15:02:30 INFO  manager.WebDriverListener - Start searching element ----> By.xpath: //button[@type='submit']
15:02:30 INFO  manager.WebDriverListener - Element with locator ----> By.xpath: //button[@type='submit'] is found
15:02:30 INFO  TestBase - submitLogin invoked
15:02:30 INFO  TestBase - registrationPositive starts with credentials: login joe_153@n.com & password: $Asjj1234
15:02:30 INFO  manager.WebDriverListener - Start searching element ----> By.xpath: //h2[contains(text(),'success')]
15:02:32 INFO  manager.WebDriverListener - Element with locator ----> By.xpath: //h2[contains(text(),'success')] is found
15:02:32 INFO  manager.TestNGListener - Test registrationPositiveDTO successful
15:02:32 INFO  manager.WebDriverListener - Start searching element ----> By.xpath: //button[@type='button']
15:02:32 INFO  manager.WebDriverListener - Element with locator ----> By.xpath: //button[@type='button'] is found
15:02:32 INFO  TestBase - ==================================
15:02:32 INFO  TestBase - Method registrationPositiveDTO is started
15:02:32 INFO  manager.WebDriverListener - Start searching element ----> By.xpath: //*[.=' Logout ']
15:02:32 INFO  manager.WebDriverListener - Element with locator ----> By.xpath: //*[.=' Logout '] is found
15:02:32 INFO  manager.WebDriverListener - Start searching element ----> By.xpath: //*[.=' Logout ']
15:02:32 INFO  manager.WebDriverListener - Element with locator ----> By.xpath: //*[.=' Logout '] is found
15:02:32 INFO  manager.TestNGListener - Test registrationPositiveDTO invoked
15:02:32 INFO  manager.WebDriverListener - Start searching element ----> By.xpath: //*[.=' Sign up ']
15:02:32 INFO  manager.WebDriverListener - Element with locator ----> By.xpath: //*[.=' Sign up '] is found
15:02:32 INFO  TestBase - openRegistrationForm invoked
15:02:32 INFO  manager.WebDriverListener - Start searching element ----> By.xpath: //input[@id='name']
15:02:32 INFO  manager.WebDriverListener - Element with locator ----> By.xpath: //input[@id='name'] is found
15:02:32 INFO  manager.WebDriverListener - Something went wrong!
15:02:32 INFO  manager.WebDriverListener - stale element reference: stale element not found
  (Session info: chrome=114.0.5735.199)
For documentation on this error, please visit: https://www.seleniumhq.org/exceptions/stale_element_reference.html
Build info: version: '3.141.59', revision: 'e82be7d358', time: '2018-11-14T08:17:03'
System info: host: 'ELENA', ip: '192.168.68.108', os.name: 'Windows 11', os.arch: 'amd64', os.version: '10.0', java.version: '18.0.1.1'
Driver info: org.openqa.selenium.chrome.ChromeDriver
Capabilities {acceptInsecureCerts: false, browserName: chrome, browserVersion: 114.0.5735.199, chrome: {chromedriverVersion: 113.0.5672.63 (0e1a4471d5ae..., userDataDir: C:\Users\6145~1\AppData\Loc...}, goog:chromeOptions: {debuggerAddress: localhost:61906}, javascriptEnabled: true, networkConnectionEnabled: false, pageLoadStrategy: normal, platform: WINDOWS, platformName: WINDOWS, proxy: Proxy(), setWindowRect: true, strictFileInteractability: false, timeouts: {implicit: 0, pageLoad: 300000, script: 30000}, unhandledPromptBehavior: dismiss and notify, webauthn:extension:credBlob: true, webauthn:extension:largeBlob: true, webauthn:extension:minPinLength: true, webauthn:extension:prf: true, webauthn:virtualAuthenticators: true}
Session ID: 2fdbf29154db47c39d4e6f1fecf3415a
15:02:32 INFO  manager.WebDriverListener - org.openqa.selenium.StaleElementReferenceException: stale element reference: stale element not found
  (Session info: chrome=114.0.5735.199)
For documentation on this error, please visit: https://www.seleniumhq.org/exceptions/stale_element_reference.html
Build info: version: '3.141.59', revision: 'e82be7d358', time: '2018-11-14T08:17:03'
System info: host: 'ELENA', ip: '192.168.68.108', os.name: 'Windows 11', os.arch: 'amd64', os.version: '10.0', java.version: '18.0.1.1'
Driver info: org.openqa.selenium.chrome.ChromeDriver
Capabilities {acceptInsecureCerts: false, browserName: chrome, browserVersion: 114.0.5735.199, chrome: {chromedriverVersion: 113.0.5672.63 (0e1a4471d5ae..., userDataDir: C:\Users\6145~1\AppData\Loc...}, goog:chromeOptions: {debuggerAddress: localhost:61906}, javascriptEnabled: true, networkConnectionEnabled: false, pageLoadStrategy: normal, platform: WINDOWS, platformName: WINDOWS, proxy: Proxy(), setWindowRect: true, strictFileInteractability: false, timeouts: {implicit: 0, pageLoad: 300000, script: 30000}, unhandledPromptBehavior: dismiss and notify, webauthn:extension:credBlob: true, webauthn:extension:largeBlob: true, webauthn:extension:minPinLength: true, webauthn:extension:prf: true, webauthn:virtualAuthenticators: true}
Session ID: 2fdbf29154db47c39d4e6f1fecf3415a
15:02:33 INFO  manager.WebDriverListener - This is a link to screenshot with error ---> src/test/screenshots/screen-152.png
15:02:33 INFO  manager.TestNGListener - Test registrationPositiveDTO failed: org.openqa.selenium.StaleElementReferenceException: stale element reference: stale element not found
  (Session info: chrome=114.0.5735.199)
For documentation on this error, please visit: https://www.seleniumhq.org/exceptions/stale_element_reference.html
Build info: version: '3.141.59', revision: 'e82be7d358', time: '2018-11-14T08:17:03'
System info: host: 'ELENA', ip: '192.168.68.108', os.name: 'Windows 11', os.arch: 'amd64', os.version: '10.0', java.version: '18.0.1.1'
Driver info: org.openqa.selenium.chrome.ChromeDriver
Capabilities {acceptInsecureCerts: false, browserName: chrome, browserVersion: 114.0.5735.199, chrome: {chromedriverVersion: 113.0.5672.63 (0e1a4471d5ae..., userDataDir: C:\Users\6145~1\AppData\Loc...}, goog:chromeOptions: {debuggerAddress: localhost:61906}, javascriptEnabled: true, networkConnectionEnabled: false, pageLoadStrategy: normal, platform: WINDOWS, platformName: WINDOWS, proxy: Proxy(), setWindowRect: true, strictFileInteractability: false, timeouts: {implicit: 0, pageLoad: 300000, script: 30000}, unhandledPromptBehavior: dismiss and notify, webauthn:extension:credBlob: true, webauthn:extension:largeBlob: true, webauthn:extension:minPinLength: true, webauthn:extension:prf: true, webauthn:virtualAuthenticators: true}
Session ID: 2fdbf29154db47c39d4e6f1fecf3415a
15:02:33 INFO  manager.WebDriverListener - Start searching element ----> By.xpath: //button[@type='button']
15:02:43 INFO  manager.WebDriverListener - Something went wrong!
15:02:43 INFO  manager.WebDriverListener - no such element: Unable to locate element: {"method":"xpath","selector":"//button[@type='button']"}
  (Session info: chrome=114.0.5735.199)
For documentation on this error, please visit: https://www.seleniumhq.org/exceptions/no_such_element.html
Build info: version: '3.141.59', revision: 'e82be7d358', time: '2018-11-14T08:17:03'
System info: host: 'ELENA', ip: '192.168.68.108', os.name: 'Windows 11', os.arch: 'amd64', os.version: '10.0', java.version: '18.0.1.1'
Driver info: org.openqa.selenium.chrome.ChromeDriver
Capabilities {acceptInsecureCerts: false, browserName: chrome, browserVersion: 114.0.5735.199, chrome: {chromedriverVersion: 113.0.5672.63 (0e1a4471d5ae..., userDataDir: C:\Users\6145~1\AppData\Loc...}, goog:chromeOptions: {debuggerAddress: localhost:61906}, javascriptEnabled: true, networkConnectionEnabled: false, pageLoadStrategy: normal, platform: WINDOWS, platformName: WINDOWS, proxy: Proxy(), setWindowRect: true, strictFileInteractability: false, timeouts: {implicit: 0, pageLoad: 300000, script: 30000}, unhandledPromptBehavior: dismiss and notify, webauthn:extension:credBlob: true, webauthn:extension:largeBlob: true, webauthn:extension:minPinLength: true, webauthn:extension:prf: true, webauthn:virtualAuthenticators: true}
Session ID: 2fdbf29154db47c39d4e6f1fecf3415a
*** Element info: {Using=xpath, value=//button[@type='button']}
15:02:43 INFO  manager.WebDriverListener - org.openqa.selenium.NoSuchElementException: no such element: Unable to locate element: {"method":"xpath","selector":"//button[@type='button']"}
  (Session info: chrome=114.0.5735.199)
For documentation on this error, please visit: https://www.seleniumhq.org/exceptions/no_such_element.html
Build info: version: '3.141.59', revision: 'e82be7d358', time: '2018-11-14T08:17:03'
System info: host: 'ELENA', ip: '192.168.68.108', os.name: 'Windows 11', os.arch: 'amd64', os.version: '10.0', java.version: '18.0.1.1'
Driver info: org.openqa.selenium.chrome.ChromeDriver
Capabilities {acceptInsecureCerts: false, browserName: chrome, browserVersion: 114.0.5735.199, chrome: {chromedriverVersion: 113.0.5672.63 (0e1a4471d5ae..., userDataDir: C:\Users\6145~1\AppData\Loc...}, goog:chromeOptions: {debuggerAddress: localhost:61906}, javascriptEnabled: true, networkConnectionEnabled: false, pageLoadStrategy: normal, platform: WINDOWS, platformName: WINDOWS, proxy: Proxy(), setWindowRect: true, strictFileInteractability: false, timeouts: {implicit: 0, pageLoad: 300000, script: 30000}, unhandledPromptBehavior: dismiss and notify, webauthn:extension:credBlob: true, webauthn:extension:largeBlob: true, webauthn:extension:minPinLength: true, webauthn:extension:prf: true, webauthn:virtualAuthenticators: true}
Session ID: 2fdbf29154db47c39d4e6f1fecf3415a
*** Element info: {Using=xpath, value=//button[@type='button']}
15:02:43 INFO  manager.WebDriverListener - This is a link to screenshot with error ---> src/test/screenshots/screen-163.png
15:02:43 INFO  manager.TestNGListener - Test registrationPositiveDTO invoked
15:02:43 INFO  manager.TestNGListener - Test registrationPositiveDTO invoked
15:02:43 INFO  manager.TestNGListener - Test registrationPositiveDTO invoked
