11:25:45 INFO  manager.AppManager - Tests starting on Chrome
11:25:47 INFO  TestBase - Method registrationPositiveDTO is started
11:25:47 INFO  manager.WebDriverListener - Start searching element ----> By.xpath: //*[.=' Logout ']
11:25:57 INFO  manager.WebDriverListener - Element with locator ----> By.xpath: //*[.=' Logout '] is found
11:25:57 INFO  manager.TestNGListener - Test registrationPositiveDTO invoked
11:25:57 INFO  manager.WebDriverListener - Start searching element ----> By.xpath: //*[.=' Sign up ']
11:25:57 INFO  manager.WebDriverListener - Element with locator ----> By.xpath: //*[.=' Sign up '] is found
11:25:57 INFO  TestBase - openRegistrationForm invoked
11:25:57 INFO  manager.WebDriverListener - Start searching element ----> By.xpath: //input[@id='name']
11:25:57 INFO  manager.WebDriverListener - Element with locator ----> By.xpath: //input[@id='name'] is found
11:25:57 INFO  manager.WebDriverListener - Start searching element ----> By.xpath: //input[@id='lastName']
11:25:57 INFO  manager.WebDriverListener - Element with locator ----> By.xpath: //input[@id='lastName'] is found
11:25:57 INFO  manager.WebDriverListener - Start searching element ----> By.xpath: //input[@id='email']
11:25:57 INFO  manager.WebDriverListener - Element with locator ----> By.xpath: //input[@id='email'] is found
11:25:57 INFO  manager.WebDriverListener - Start searching element ----> By.xpath: //input[@id='password']
11:25:57 INFO  manager.WebDriverListener - Element with locator ----> By.xpath: //input[@id='password'] is found
11:25:57 INFO  manager.WebDriverListener - Start searching element ----> By.cssSelector: div.checkbox-container
11:25:57 INFO  manager.WebDriverListener - Element with locator ----> By.cssSelector: div.checkbox-container is found
11:25:58 INFO  TestBase - fillRegistrationForm invoked
11:25:58 INFO  manager.WebDriverListener - Start searching element ----> By.xpath: //button[@type='submit']
11:25:58 INFO  manager.WebDriverListener - Element with locator ----> By.xpath: //button[@type='submit'] is found
11:25:58 INFO  TestBase - submitLogin invoked
11:25:58 INFO  TestBase - registrationPositive starts with credentials: login joe_155689999@n.com & password: $Asjj1234
11:25:58 INFO  manager.WebDriverListener - Start searching element ----> By.xpath: //h2[contains(text(),'success')]
11:26:08 INFO  manager.WebDriverListener - Element with locator ----> By.xpath: //h2[contains(text(),'success')] is found
11:26:08 INFO  manager.TestNGListener - Test registrationPositiveDTO failed: java.lang.AssertionError: expected [true] but found [false]
11:26:08 INFO  manager.WebDriverListener - Start searching element ----> By.xpath: //button[@type='button']
11:26:08 INFO  manager.WebDriverListener - Element with locator ----> By.xpath: //button[@type='button'] is found
11:26:08 INFO  TestBase - ==================================
11:26:08 INFO  TestBase - Method registrationPositiveDTO is started
11:26:08 INFO  manager.WebDriverListener - Start searching element ----> By.xpath: //*[.=' Logout ']
11:26:09 INFO  manager.WebDriverListener - Element with locator ----> By.xpath: //*[.=' Logout '] is found
11:26:09 INFO  manager.TestNGListener - Test registrationPositiveDTO invoked
11:26:09 INFO  manager.WebDriverListener - Start searching element ----> By.xpath: //*[.=' Sign up ']
11:26:09 INFO  manager.WebDriverListener - Something went wrong!
11:26:09 INFO  manager.WebDriverListener - no such window: target window already closed
from unknown error: web view not found
  (Session info: chrome=114.0.5735.199)
Build info: version: '3.141.59', revision: 'e82be7d358', time: '2018-11-14T08:17:03'
System info: host: 'ELENA', ip: '192.168.68.108', os.name: 'Windows 11', os.arch: 'amd64', os.version: '10.0', java.version: '18.0.1.1'
Driver info: org.openqa.selenium.chrome.ChromeDriver
Capabilities {acceptInsecureCerts: false, browserName: chrome, browserVersion: 114.0.5735.199, chrome: {chromedriverVersion: 113.0.5672.63 (0e1a4471d5ae..., userDataDir: C:\Users\6145~1\AppData\Loc...}, goog:chromeOptions: {debuggerAddress: localhost:63788}, javascriptEnabled: true, networkConnectionEnabled: false, pageLoadStrategy: normal, platform: WINDOWS, platformName: WINDOWS, proxy: Proxy(), setWindowRect: true, strictFileInteractability: false, timeouts: {implicit: 0, pageLoad: 300000, script: 30000}, unhandledPromptBehavior: dismiss and notify, webauthn:extension:credBlob: true, webauthn:extension:largeBlob: true, webauthn:extension:minPinLength: true, webauthn:extension:prf: true, webauthn:virtualAuthenticators: true}
Session ID: 660d4791bea68ddd87cea4651fdbd546
*** Element info: {Using=xpath, value=//*[.=' Sign up ']}
11:26:09 INFO  manager.WebDriverListener - org.openqa.selenium.NoSuchWindowException: no such window: target window already closed
from unknown error: web view not found
  (Session info: chrome=114.0.5735.199)
Build info: version: '3.141.59', revision: 'e82be7d358', time: '2018-11-14T08:17:03'
System info: host: 'ELENA', ip: '192.168.68.108', os.name: 'Windows 11', os.arch: 'amd64', os.version: '10.0', java.version: '18.0.1.1'
Driver info: org.openqa.selenium.chrome.ChromeDriver
Capabilities {acceptInsecureCerts: false, browserName: chrome, browserVersion: 114.0.5735.199, chrome: {chromedriverVersion: 113.0.5672.63 (0e1a4471d5ae..., userDataDir: C:\Users\6145~1\AppData\Loc...}, goog:chromeOptions: {debuggerAddress: localhost:63788}, javascriptEnabled: true, networkConnectionEnabled: false, pageLoadStrategy: normal, platform: WINDOWS, platformName: WINDOWS, proxy: Proxy(), setWindowRect: true, strictFileInteractability: false, timeouts: {implicit: 0, pageLoad: 300000, script: 30000}, unhandledPromptBehavior: dismiss and notify, webauthn:extension:credBlob: true, webauthn:extension:largeBlob: true, webauthn:extension:minPinLength: true, webauthn:extension:prf: true, webauthn:virtualAuthenticators: true}
Session ID: 660d4791bea68ddd87cea4651fdbd546
*** Element info: {Using=xpath, value=//*[.=' Sign up ']}
11:26:09 INFO  manager.TestNGListener - Test registrationPositiveDTO failed: org.openqa.selenium.NoSuchWindowException: no such window: target window already closed
from unknown error: web view not found
  (Session info: chrome=114.0.5735.199)
Build info: version: '3.141.59', revision: 'e82be7d358', time: '2018-11-14T08:17:03'
System info: host: 'ELENA', ip: '192.168.68.108', os.name: 'Windows 11', os.arch: 'amd64', os.version: '10.0', java.version: '18.0.1.1'
Driver info: org.openqa.selenium.chrome.ChromeDriver
Capabilities {acceptInsecureCerts: false, browserName: chrome, browserVersion: 114.0.5735.199, chrome: {chromedriverVersion: 113.0.5672.63 (0e1a4471d5ae..., userDataDir: C:\Users\6145~1\AppData\Loc...}, goog:chromeOptions: {debuggerAddress: localhost:63788}, javascriptEnabled: true, networkConnectionEnabled: false, pageLoadStrategy: normal, platform: WINDOWS, platformName: WINDOWS, proxy: Proxy(), setWindowRect: true, strictFileInteractability: false, timeouts: {implicit: 0, pageLoad: 300000, script: 30000}, unhandledPromptBehavior: dismiss and notify, webauthn:extension:credBlob: true, webauthn:extension:largeBlob: true, webauthn:extension:minPinLength: true, webauthn:extension:prf: true, webauthn:virtualAuthenticators: true}
Session ID: 660d4791bea68ddd87cea4651fdbd546
11:26:09 INFO  manager.WebDriverListener - Start searching element ----> By.xpath: //button[@type='button']
11:26:09 INFO  manager.WebDriverListener - Something went wrong!
11:26:09 INFO  manager.WebDriverListener - no such window: target window already closed
from unknown error: web view not found
  (Session info: chrome=114.0.5735.199)
Build info: version: '3.141.59', revision: 'e82be7d358', time: '2018-11-14T08:17:03'
System info: host: 'ELENA', ip: '192.168.68.108', os.name: 'Windows 11', os.arch: 'amd64', os.version: '10.0', java.version: '18.0.1.1'
Driver info: org.openqa.selenium.chrome.ChromeDriver
Capabilities {acceptInsecureCerts: false, browserName: chrome, browserVersion: 114.0.5735.199, chrome: {chromedriverVersion: 113.0.5672.63 (0e1a4471d5ae..., userDataDir: C:\Users\6145~1\AppData\Loc...}, goog:chromeOptions: {debuggerAddress: localhost:63788}, javascriptEnabled: true, networkConnectionEnabled: false, pageLoadStrategy: normal, platform: WINDOWS, platformName: WINDOWS, proxy: Proxy(), setWindowRect: true, strictFileInteractability: false, timeouts: {implicit: 0, pageLoad: 300000, script: 30000}, unhandledPromptBehavior: dismiss and notify, webauthn:extension:credBlob: true, webauthn:extension:largeBlob: true, webauthn:extension:minPinLength: true, webauthn:extension:prf: true, webauthn:virtualAuthenticators: true}
Session ID: 660d4791bea68ddd87cea4651fdbd546
*** Element info: {Using=xpath, value=//button[@type='button']}
11:26:09 INFO  manager.WebDriverListener - org.openqa.selenium.NoSuchWindowException: no such window: target window already closed
from unknown error: web view not found
  (Session info: chrome=114.0.5735.199)
Build info: version: '3.141.59', revision: 'e82be7d358', time: '2018-11-14T08:17:03'
System info: host: 'ELENA', ip: '192.168.68.108', os.name: 'Windows 11', os.arch: 'amd64', os.version: '10.0', java.version: '18.0.1.1'
Driver info: org.openqa.selenium.chrome.ChromeDriver
Capabilities {acceptInsecureCerts: false, browserName: chrome, browserVersion: 114.0.5735.199, chrome: {chromedriverVersion: 113.0.5672.63 (0e1a4471d5ae..., userDataDir: C:\Users\6145~1\AppData\Loc...}, goog:chromeOptions: {debuggerAddress: localhost:63788}, javascriptEnabled: true, networkConnectionEnabled: false, pageLoadStrategy: normal, platform: WINDOWS, platformName: WINDOWS, proxy: Proxy(), setWindowRect: true, strictFileInteractability: false, timeouts: {implicit: 0, pageLoad: 300000, script: 30000}, unhandledPromptBehavior: dismiss and notify, webauthn:extension:credBlob: true, webauthn:extension:largeBlob: true, webauthn:extension:minPinLength: true, webauthn:extension:prf: true, webauthn:virtualAuthenticators: true}
Session ID: 660d4791bea68ddd87cea4651fdbd546
*** Element info: {Using=xpath, value=//button[@type='button']}
11:26:09 INFO  manager.TestNGListener - Test registrationPositiveDTO invoked
11:26:09 INFO  manager.TestNGListener - Test registrationPositiveDTO invoked
11:26:09 INFO  manager.TestNGListener - Test registrationPositiveDTO invoked
