12:08:54 INFO  manager.AppManager - Tests starting on Chrome
12:08:56 INFO  TestBase - Method loginPositiveProps is started
12:08:56 INFO  manager.WebDriverListener - Start searching element ----> By.xpath: //*[.=' Logout ']
12:09:06 INFO  manager.WebDriverListener - Element with locator ----> By.xpath: //*[.=' Logout '] is found
12:09:06 INFO  manager.TestNGListener - Test loginPositiveProps invoked
12:09:06 INFO  manager.WebDriverListener - Start searching element ----> By.xpath: //*[.=' Log in ']
12:09:06 INFO  manager.WebDriverListener - Element with locator ----> By.xpath: //*[.=' Log in '] is found
12:09:06 INFO  manager.WebDriverListener - Start searching element ----> By.xpath: //input[@id='email']
12:09:06 INFO  manager.WebDriverListener - Element with locator ----> By.xpath: //input[@id='email'] is found
12:09:06 INFO  manager.WebDriverListener - Something went wrong!
12:09:06 INFO  manager.WebDriverListener - Keys to send should be a not null CharSequence
12:09:06 INFO  manager.WebDriverListener - java.lang.IllegalArgumentException: Keys to send should be a not null CharSequence
12:09:06 INFO  manager.WebDriverListener - This is a link to screenshot with error ---> src/test/screenshots/screen-546.png
12:09:06 INFO  manager.TestNGListener - Test loginPositiveProps failed: java.lang.IllegalArgumentException: Keys to send should be a not null CharSequence
12:09:06 INFO  manager.WebDriverListener - Start searching element ----> By.xpath: //button[@type='button']
12:09:16 INFO  manager.WebDriverListener - Something went wrong!
12:09:16 INFO  manager.WebDriverListener - no such element: Unable to locate element: {"method":"xpath","selector":"//button[@type='button']"}
  (Session info: chrome=114.0.5735.199)
For documentation on this error, please visit: https://www.seleniumhq.org/exceptions/no_such_element.html
Build info: version: '3.141.59', revision: 'e82be7d358', time: '2018-11-14T08:17:03'
System info: host: 'ELENA', ip: '192.168.68.108', os.name: 'Windows 11', os.arch: 'amd64', os.version: '10.0', java.version: '18.0.1.1'
Driver info: org.openqa.selenium.chrome.ChromeDriver
Capabilities {acceptInsecureCerts: false, browserName: chrome, browserVersion: 114.0.5735.199, chrome: {chromedriverVersion: 113.0.5672.63 (0e1a4471d5ae..., userDataDir: C:\Users\6145~1\AppData\Loc...}, goog:chromeOptions: {debuggerAddress: localhost:55896}, javascriptEnabled: true, networkConnectionEnabled: false, pageLoadStrategy: normal, platform: WINDOWS, platformName: WINDOWS, proxy: Proxy(), setWindowRect: true, strictFileInteractability: false, timeouts: {implicit: 0, pageLoad: 300000, script: 30000}, unhandledPromptBehavior: dismiss and notify, webauthn:extension:credBlob: true, webauthn:extension:largeBlob: true, webauthn:extension:minPinLength: true, webauthn:extension:prf: true, webauthn:virtualAuthenticators: true}
Session ID: f23c341c980f9ddd11ff9048436c4b8b
*** Element info: {Using=xpath, value=//button[@type='button']}
12:09:16 INFO  manager.WebDriverListener - org.openqa.selenium.NoSuchElementException: no such element: Unable to locate element: {"method":"xpath","selector":"//button[@type='button']"}
  (Session info: chrome=114.0.5735.199)
For documentation on this error, please visit: https://www.seleniumhq.org/exceptions/no_such_element.html
Build info: version: '3.141.59', revision: 'e82be7d358', time: '2018-11-14T08:17:03'
System info: host: 'ELENA', ip: '192.168.68.108', os.name: 'Windows 11', os.arch: 'amd64', os.version: '10.0', java.version: '18.0.1.1'
Driver info: org.openqa.selenium.chrome.ChromeDriver
Capabilities {acceptInsecureCerts: false, browserName: chrome, browserVersion: 114.0.5735.199, chrome: {chromedriverVersion: 113.0.5672.63 (0e1a4471d5ae..., userDataDir: C:\Users\6145~1\AppData\Loc...}, goog:chromeOptions: {debuggerAddress: localhost:55896}, javascriptEnabled: true, networkConnectionEnabled: false, pageLoadStrategy: normal, platform: WINDOWS, platformName: WINDOWS, proxy: Proxy(), setWindowRect: true, strictFileInteractability: false, timeouts: {implicit: 0, pageLoad: 300000, script: 30000}, unhandledPromptBehavior: dismiss and notify, webauthn:extension:credBlob: true, webauthn:extension:largeBlob: true, webauthn:extension:minPinLength: true, webauthn:extension:prf: true, webauthn:virtualAuthenticators: true}
Session ID: f23c341c980f9ddd11ff9048436c4b8b
*** Element info: {Using=xpath, value=//button[@type='button']}
12:09:16 INFO  manager.WebDriverListener - This is a link to screenshot with error ---> src/test/screenshots/screen-556.png
